<?xml version="1.0" encoding="UTF-8"?>
<!-- Generated by org.testng.reporters.JUnitReportReporter -->
<testsuite skipped="0" hostname="AlexK" name="eply.com.Tests.AccountTest" tests="1" failures="0" timestamp="25 יול 2019 18:07:43 GMT" time="13.969" errors="0">
  <testcase name="isExist" time="13.969" classname="eply.com.Tests.AccountTest"/>
</testsuite> <!-- eply.com.Tests.AccountTest -->
